<?xml version="1.0" encoding="UTF-8"?>
<!-- Generated by org.testng.reporters.JUnitReportReporter -->
<testsuite skipped="0" hostname="LAPTOP-F1M00SRG" name="testcases.executeTestThroughTestNg" tests="1" failures="0" timestamp="08 Dec 2018 08:00:32 GMT" time="27.849" errors="0">
  <testcase name="executeTest" time="27.849" classname="testcases.executeTestThroughTestNg"/>
</testsuite> <!-- testcases.executeTestThroughTestNg -->
