<?xml version="1.0" encoding="UTF-8"?>
<!-- Generated by org.testng.reporters.JUnitReportReporter -->
<testsuite skipped="0" hostname="LAPTOP-F1M00SRG" name="testcases.executeTestThroughTestNg" tests="1" failures="0" timestamp="30 Oct 2018 05:07:26 GMT" time="31.477" errors="0">
  <testcase name="executeTest" time="31.477" classname="testcases.executeTestThroughTestNg"/>
</testsuite> <!-- testcases.executeTestThroughTestNg -->
